0 verbose cli C:\Program Files\nodejs\node.exe C:\Users\LS\AppData\Roaming\npm\node_modules\npm\bin\npm-cli.js
1 info using npm@11.7.0
2 info using node@v24.11.0
3 silly config load:file:C:\Users\LS\AppData\Roaming\npm\node_modules\npm\npmrc
4 silly config load:file:C:\Users\LS\Documents\New project 2\.npmrc
5 silly config load:file:C:\Users\LS\.npmrc
6 silly config load:file:C:\Users\LS\AppData\Roaming\npm\etc\npmrc
7 verbose title npm exec playwright-cli --help
8 verbose argv "exec" "--cache" ".npm-cache" "--yes" "--package" "@playwright/cli" "--" "playwright-cli" "--help"
9 verbose logfile logs-max:10 dir:C:\Users\LS\Documents\New project 2\.npm-cache\_logs\2026-06-23T02_24_38_808Z-
10 verbose logfile C:\Users\LS\Documents\New project 2\.npm-cache\_logs\2026-06-23T02_24_38_808Z-debug-0.log
11 silly logfile done cleaning log files
12 silly packumentCache heap:4496293888 maxSize:1124073472 maxEntrySize:562036736
13 verbose shrinkwrap failed to load node_modules/.package-lock.json out of date, updated: node_modules
14 http fetch GET 200 https://registry.npmjs.org/@playwright%2fcli 1001ms (cache revalidated)
15 silly packumentCache heap:4496293888 maxSize:1124073472 maxEntrySize:562036736
16 verbose cwd C:\Users\LS\Documents\New project 2
17 verbose os Windows_NT 10.0.26200
18 verbose node v24.11.0
19 verbose npm  v11.7.0
20 verbose exit 0
21 info ok
