0 verbose cli C:\Program Files\nodejs\node.exe C:\Users\LS\AppData\Roaming\npm\node_modules\npm\bin\npm-cli.js
1 info using npm@11.7.0
2 info using node@v24.11.0
3 silly config load:file:C:\Users\LS\AppData\Roaming\npm\node_modules\npm\npmrc
4 silly config load:file:C:\Users\LS\Documents\New project 2\.npmrc
5 silly config load:file:C:\Users\LS\.npmrc
6 silly config load:file:C:\Users\LS\AppData\Roaming\npm\etc\npmrc
7 verbose title npm exec playwright-cli click e46
8 verbose argv "exec" "--cache" ".npm-cache" "--yes" "--package" "@playwright/cli" "--" "playwright-cli" "click" "e46"
9 verbose logfile logs-max:10 dir:C:\Users\LS\Documents\New project 2\.npm-cache\_logs\2026-06-23T02_28_43_191Z-
10 verbose logfile C:\Users\LS\Documents\New project 2\.npm-cache\_logs\2026-06-23T02_28_43_191Z-debug-0.log
11 silly logfile start cleaning logs, removing 1 files
12 silly packumentCache heap:4496293888 maxSize:1124073472 maxEntrySize:562036736
13 silly logfile done cleaning log files
14 verbose shrinkwrap failed to load node_modules/.package-lock.json out of date, updated: node_modules
15 http fetch GET 200 https://registry.npmjs.org/@playwright%2fcli 769ms (cache revalidated)
16 silly packumentCache heap:4496293888 maxSize:1124073472 maxEntrySize:562036736
17 verbose cwd C:\Users\LS\Documents\New project 2
18 verbose os Windows_NT 10.0.26200
19 verbose node v24.11.0
20 verbose npm  v11.7.0
21 verbose exit 0
22 info ok
